TN:
SF:src\config\database.ts
FNF:0
FNH:0
DA:1,1
DA:3,1
LF:2
LH:2
BRF:0
BRH:0
end_of_record
TN:
SF:src\config\index.ts
FNF:0
FNH:0
DA:1,1
DA:2,1
DA:5,1
DA:14,1
DA:20,1
DA:27,1
LF:6
LH:6
BRDA:6,0,0,1
BRDA:6,0,1,1
BRDA:7,1,0,1
BRDA:7,1,1,1
BRDA:8,2,0,1
BRDA:8,2,1,1
BRDA:9,3,0,1
BRDA:9,3,1,1
BRDA:10,4,0,1
BRDA:10,4,1,1
BRDA:15,5,0,1
BRDA:15,5,1,1
BRDA:16,6,0,1
BRDA:16,6,1,1
BRDA:21,7,0,1
BRDA:21,7,1,1
BRDA:22,8,0,1
BRDA:22,8,1,0
BRDA:23,9,0,1
BRDA:23,9,1,1
BRF:20
BRH:19
end_of_record
TN:
SF:src\config\logger.ts
FN:10,(anonymous_1)
FNF:1
FNH:1
FNDA:2,(anonymous_1)
DA:1,1
DA:2,1
DA:3,1
DA:6,1
DA:11,2
DA:16,1
DA:44,1
LF:7
LH:7
BRDA:11,0,0,2
BRDA:11,0,1,0
BRDA:17,1,0,0
BRDA:17,1,1,1
BRF:4
BRH:2
end_of_record
TN:
SF:src\db\index.ts
FN:14,(anonymous_1)
FN:20,(anonymous_2)
FNF:2
FNH:0
FNDA:0,(anonymous_1)
FNDA:0,(anonymous_2)
DA:1,1
DA:2,1
DA:3,1
DA:6,1
DA:14,0
DA:20,1
DA:21,0
DA:22,0
DA:23,0
DA:24,0
DA:26,0
DA:27,0
DA:31,1
LF:13
LH:6
BRF:0
BRH:0
end_of_record
TN:
SF:src\middlewares\auth.middleware.ts
FN:24,(anonymous_1)
FNF:1
FNH:1
FNDA:5,(anonymous_1)
DA:2,1
DA:3,1
DA:4,1
DA:5,1
DA:24,1
DA:25,5
DA:27,5
DA:29,5
DA:30,1
DA:33,4
DA:35,4
DA:37,4
DA:40,3
DA:41,3
DA:42,2
DA:46,1
DA:52,1
DA:54,1
DA:55,1
DA:58,0
DA:59,0
DA:63,1
LF:22
LH:20
BRDA:29,0,0,1
BRDA:29,1,0,5
BRDA:29,1,1,4
BRDA:41,2,0,2
BRDA:41,3,0,3
BRDA:41,3,1,2
BRF:6
BRH:6
end_of_record
